02:36:58.754 [main] DEBUG org.apache.poi.openxml4j.opc.PackageRelationshipCollection - Parsing relationship: /_rels/.rels
02:36:58.803 [main] INFO  testCases.LoginTest - ******* starting loginTest *******
02:37:12.440 [main] INFO  testCases.LoginTest - ******* starting loginTest *******
02:37:14.614 [main] INFO  testCases.LoginTest - ******* Finish loginTest *******
02:37:21.498 [main] INFO  testCases.JavascriptAlertTest - ******* starting alertTest *******
02:37:22.880 [main] INFO  testCases.JavascriptAlertTest - ******* handling JSAlert *******
02:37:23.749 [main] INFO  testCases.JavascriptAlertTest - ******* handling JSConfirm *******
02:37:24.448 [main] INFO  testCases.JavascriptAlertTest - ******* handling JSPrompt *******
02:37:25.294 [main] INFO  testCases.JavascriptAlertTest - ******* finish alertTest *******
02:41:15.080 [main] DEBUG org.testng.TestNG - suiteXmlPath: "C:\Users\anubh\OneDrive\Desktop\Eclipse workspace\LambdaTestFramework\testOnLambdaTest.xml"
02:41:15.311 [main] INFO  org.testng.internal.Utils - [TestNG] Running:
  C:\Users\anubh\OneDrive\Desktop\Eclipse workspace\LambdaTestFramework\testOnLambdaTest.xml

02:41:22.886 [main] DEBUG org.apache.poi.openxml4j.opc.PackageRelationshipCollection - Parsing relationship: /xl/_rels/workbook.xml.rels
02:41:22.890 [main] DEBUG org.apache.poi.openxml4j.opc.PackageRelationshipCollection - Parsing relationship: /xl/worksheets/_rels/sheet1.xml.rels
02:41:22.892 [main] DEBUG org.apache.poi.openxml4j.opc.PackageRelationshipCollection - Parsing relationship: /_rels/.rels
02:41:23.487 [main] DEBUG org.apache.poi.openxml4j.opc.PackageRelationshipCollection - Parsing relationship: /xl/_rels/workbook.xml.rels
02:41:23.488 [main] DEBUG org.apache.poi.openxml4j.opc.PackageRelationshipCollection - Parsing relationship: /xl/worksheets/_rels/sheet1.xml.rels
02:41:23.490 [main] DEBUG org.apache.poi.openxml4j.opc.PackageRelationshipCollection - Parsing relationship: /_rels/.rels
02:41:23.533 [main] DEBUG org.apache.poi.openxml4j.opc.PackageRelationshipCollection - Parsing relationship: /xl/_rels/workbook.xml.rels
02:41:23.534 [main] DEBUG org.apache.poi.openxml4j.opc.PackageRelationshipCollection - Parsing relationship: /xl/worksheets/_rels/sheet1.xml.rels
02:41:23.536 [main] DEBUG org.apache.poi.openxml4j.opc.PackageRelationshipCollection - Parsing relationship: /_rels/.rels
02:41:23.572 [main] DEBUG org.apache.poi.openxml4j.opc.PackageRelationshipCollection - Parsing relationship: /xl/_rels/workbook.xml.rels
02:41:23.573 [main] DEBUG org.apache.poi.openxml4j.opc.PackageRelationshipCollection - Parsing relationship: /xl/worksheets/_rels/sheet1.xml.rels
02:41:23.574 [main] DEBUG org.apache.poi.openxml4j.opc.PackageRelationshipCollection - Parsing relationship: /_rels/.rels
02:41:23.602 [main] DEBUG org.apache.poi.openxml4j.opc.PackageRelationshipCollection - Parsing relationship: /xl/_rels/workbook.xml.rels
02:41:23.603 [main] DEBUG org.apache.poi.openxml4j.opc.PackageRelationshipCollection - Parsing relationship: /xl/worksheets/_rels/sheet1.xml.rels
02:41:23.604 [main] DEBUG org.apache.poi.openxml4j.opc.PackageRelationshipCollection - Parsing relationship: /_rels/.rels
02:41:23.634 [main] DEBUG org.apache.poi.openxml4j.opc.PackageRelationshipCollection - Parsing relationship: /xl/_rels/workbook.xml.rels
02:41:23.637 [main] DEBUG org.apache.poi.openxml4j.opc.PackageRelationshipCollection - Parsing relationship: /xl/worksheets/_rels/sheet1.xml.rels
02:41:23.637 [main] DEBUG org.apache.poi.openxml4j.opc.PackageRelationshipCollection - Parsing relationship: /_rels/.rels
02:41:23.667 [main] DEBUG org.apache.poi.openxml4j.opc.PackageRelationshipCollection - Parsing relationship: /xl/_rels/workbook.xml.rels
02:41:23.669 [main] DEBUG org.apache.poi.openxml4j.opc.PackageRelationshipCollection - Parsing relationship: /xl/worksheets/_rels/sheet1.xml.rels
02:41:23.670 [main] DEBUG org.apache.poi.openxml4j.opc.PackageRelationshipCollection - Parsing relationship: /_rels/.rels
02:41:23.698 [main] DEBUG org.apache.poi.openxml4j.opc.PackageRelationshipCollection - Parsing relationship: /xl/_rels/workbook.xml.rels
02:41:23.699 [main] DEBUG org.apache.poi.openxml4j.opc.PackageRelationshipCollection - Parsing relationship: /xl/worksheets/_rels/sheet1.xml.rels
02:41:23.700 [main] DEBUG org.apache.poi.openxml4j.opc.PackageRelationshipCollection - Parsing relationship: /_rels/.rels
02:41:23.744 [main] INFO  testCases.LoginTest - ******* starting loginTest *******
02:41:39.168 [main] INFO  testCases.LoginTest - ******* starting loginTest *******
02:41:41.153 [main] INFO  testCases.LoginTest - ******* Finish loginTest *******
02:41:47.229 [main] INFO  testCases.JavascriptAlertTest - ******* starting alertTest *******
02:41:48.148 [main] INFO  testCases.JavascriptAlertTest - ******* handling JSAlert *******
02:41:51.023 [main] INFO  testCases.JavascriptAlertTest - ******* handling JSConfirm *******
02:41:51.263 [main] INFO  testCases.JavascriptAlertTest - ******* handling JSPrompt *******
